<?xml version="1.0" encoding="UTF-8"?>
<!-- Generated by org.testng.reporters.JUnitXMLReporter -->
<testsuite ignored="0" hostname="DESKTOP-T6DNDPP" failures="0" tests="3" name="Surefire test" time="61.424" errors="0" timestamp="2023-06-20T04:20:54 PDT">
  <testcase classname="testpackage.LoginTest" name="testLogin" time="27.29"/>
  <testcase classname="testpackage.LoginTest" name="testLogin" time="20.53"/>
  <testcase classname="testpackage.LoginTest" name="testLogin" time="12.559"/>
</testsuite> <!-- Surefire test -->
