<?xml version="1.0" encoding="UTF-8"?>
<!-- Generated by org.testng.reporters.JUnitXMLReporter -->
<testsuite ignored="0" hostname="DESKTOP-T6DNDPP" failures="0" tests="3" name="Test" time="54.994" errors="0" timestamp="2023-06-20T05:15:28 PDT">
  <testcase classname="testpackage.LoginTest" name="testLogin" time="27.315"/>
  <testcase classname="testpackage.LoginTest" name="testLogin" time="13.93"/>
  <testcase classname="testpackage.LoginTest" name="testLogin" time="12.911"/>
</testsuite> <!-- Test -->
