<?xml version="1.0" encoding="UTF-8"?>
<testng-results ignored="0" total="3" passed="3" failed="0" skipped="0">
  <reporter-output>
  </reporter-output>
  <suite started-at="2023-06-20T05:14:32 PDT" name="Suite" finished-at="2023-06-20T05:15:27 PDT" duration-ms="54994">
    <groups>
    </groups>
    <test started-at="2023-06-20T05:14:32 PDT" name="Test" finished-at="2023-06-20T05:15:27 PDT" duration-ms="54994">
      <class name="testpackage.LoginTest">
        <test-method signature="testLogin(java.util.HashMap)[pri:0, instance:testpackage.LoginTest@5524cca1]" started-at="2023-06-20T05:14:33 PDT" name="testLogin" data-provider="datasupp" finished-at="2023-06-20T05:15:00 PDT" duration-ms="27315" status="PASS">
          <params>
            <param index="0">
              <value>
                <![CDATA[{Runmode=Y, ExpectedResult=Failure, Username=joshy96@urchtech.com, Browser=Chrome, Password=Joshy}]]>
              </value>
            </param>
          </params>
          <reporter-output>
          </reporter-output>
        </test-method> <!-- testLogin -->
        <test-method signature="testLogin(java.util.HashMap)[pri:0, instance:testpackage.LoginTest@5524cca1]" started-at="2023-06-20T05:15:00 PDT" name="testLogin" data-provider="datasupp" finished-at="2023-06-20T05:15:14 PDT" duration-ms="13930" status="PASS">
          <params>
            <param index="0">
              <value>
                <![CDATA[{Runmode=Y, ExpectedResult=Success, Username=joshy96@urchtech.com, Browser=Firefox, Password=Joshy1T@}]]>
              </value>
            </param>
          </params>
          <reporter-output>
          </reporter-output>
        </test-method> <!-- testLogin -->
        <test-method signature="testLogin(java.util.HashMap)[pri:0, instance:testpackage.LoginTest@5524cca1]" started-at="2023-06-20T05:15:14 PDT" name="testLogin" data-provider="datasupp" finished-at="2023-06-20T05:15:27 PDT" duration-ms="12911" status="PASS">
          <params>
            <param index="0">
              <value>
                <![CDATA[{Runmode=Y, ExpectedResult=Success, Username=joshy96@urchtech.com, Browser=Edge, Password=Joshy1T@}]]>
              </value>
            </param>
          </params>
          <reporter-output>
          </reporter-output>
        </test-method> <!-- testLogin -->
      </class> <!-- testpackage.LoginTest -->
    </test> <!-- Test -->
  </suite> <!-- Suite -->
</testng-results>
